Analysis & Synthesis report for cpu
Sat Dec 19 00:43:49 2020
Quartus Prime Version 18.1.0 Build 625 09/12/2018 SJ Lite Edition


---------------------
; Table of Contents ;
---------------------
  1. Legal Notice
  2. Analysis & Synthesis Summary
  3. Analysis & Synthesis Settings
  4. Parallel Compilation
  5. Analysis & Synthesis Source Files Read
  6. Analysis & Synthesis Resource Usage Summary
  7. Analysis & Synthesis Resource Utilization by Entity
  8. General Register Statistics
  9. Port Connectivity Checks: "register:r1"
 10. Port Connectivity Checks: "mux21:m1"
 11. Port Connectivity Checks: "control:Control"
 12. Port Connectivity Checks: "instruction_memory:InstructionMemory"
 13. Post-Synthesis Netlist Statistics for Top Partition
 14. Elapsed Time Per Partition
 15. Analysis & Synthesis Messages
 16. Analysis & Synthesis Suppressed Messages



----------------
; Legal Notice ;
----------------
Copyright (C) 2018  Intel Corporation. All rights reserved.
Your use of Intel Corporation's design tools, logic functions 
and other software and tools, and its AMPP partner logic 
functions, and any output files from any of the foregoing 
(including device programming or simulation files), and any 
associated documentation or information are expressly subject 
to the terms and conditions of the Intel Program License 
Subscription Agreement, the Intel Quartus Prime License Agreement,
the Intel FPGA IP License Agreement, or other applicable license
agreement, including, without limitation, that your use is for
the sole purpose of programming logic devices manufactured by
Intel and sold by Intel or its authorized distributors.  Please
refer to the applicable agreement for further details.



+-------------------------------------------------------------------------------+
; Analysis & Synthesis Summary                                                  ;
+---------------------------------+---------------------------------------------+
; Analysis & Synthesis Status     ; Successful - Sat Dec 19 00:43:49 2020       ;
; Quartus Prime Version           ; 18.1.0 Build 625 09/12/2018 SJ Lite Edition ;
; Revision Name                   ; cpu                                         ;
; Top-level Entity Name           ; cpu                                         ;
; Family                          ; Cyclone V                                   ;
; Logic utilization (in ALMs)     ; N/A                                         ;
; Total registers                 ; 0                                           ;
; Total pins                      ; 9                                           ;
; Total virtual pins              ; 0                                           ;
; Total block memory bits         ; 0                                           ;
; Total DSP Blocks                ; 0                                           ;
; Total HSSI RX PCSs              ; 0                                           ;
; Total HSSI PMA RX Deserializers ; 0                                           ;
; Total HSSI TX PCSs              ; 0                                           ;
; Total HSSI PMA TX Serializers   ; 0                                           ;
; Total PLLs                      ; 0                                           ;
; Total DLLs                      ; 0                                           ;
+---------------------------------+---------------------------------------------+


+---------------------------------------------------------------------------------------------------------------------------+
; Analysis & Synthesis Settings                                                                                             ;
+---------------------------------------------------------------------------------+--------------------+--------------------+
; Option                                                                          ; Setting            ; Default Value      ;
+---------------------------------------------------------------------------------+--------------------+--------------------+
; Device                                                                          ; 5CSXFC6D6F31C6     ;                    ;
; Top-level entity name                                                           ; cpu                ; cpu                ;
; Family name                                                                     ; Cyclone V          ; Cyclone V          ;
; Use smart compilation                                                           ; Off                ; Off                ;
; Enable parallel Assembler and Timing Analyzer during compilation                ; On                 ; On                 ;
; Enable compact report table                                                     ; Off                ; Off                ;
; Restructure Multiplexers                                                        ; Auto               ; Auto               ;
; MLAB Add Timing Constraints For Mixed-Port Feed-Through Mode Setting Don't Care ; Off                ; Off                ;
; Create Debugging Nodes for IP Cores                                             ; Off                ; Off                ;
; Preserve fewer node names                                                       ; On                 ; On                 ;
; Intel FPGA IP Evaluation Mode                                                   ; Enable             ; Enable             ;
; Verilog Version                                                                 ; Verilog_2001       ; Verilog_2001       ;
; VHDL Version                                                                    ; VHDL_1993          ; VHDL_1993          ;
; State Machine Processing                                                        ; Auto               ; Auto               ;
; Safe State Machine                                                              ; Off                ; Off                ;
; Extract Verilog State Machines                                                  ; On                 ; On                 ;
; Extract VHDL State Machines                                                     ; On                 ; On                 ;
; Ignore Verilog initial constructs                                               ; Off                ; Off                ;
; Iteration limit for constant Verilog loops                                      ; 5000               ; 5000               ;
; Iteration limit for non-constant Verilog loops                                  ; 250                ; 250                ;
; Add Pass-Through Logic to Inferred RAMs                                         ; On                 ; On                 ;
; Infer RAMs from Raw Logic                                                       ; On                 ; On                 ;
; Parallel Synthesis                                                              ; On                 ; On                 ;
; DSP Block Balancing                                                             ; Auto               ; Auto               ;
; NOT Gate Push-Back                                                              ; On                 ; On                 ;
; Power-Up Don't Care                                                             ; On                 ; On                 ;
; Remove Redundant Logic Cells                                                    ; Off                ; Off                ;
; Remove Duplicate Registers                                                      ; On                 ; On                 ;
; Ignore CARRY Buffers                                                            ; Off                ; Off                ;
; Ignore CASCADE Buffers                                                          ; Off                ; Off                ;
; Ignore GLOBAL Buffers                                                           ; Off                ; Off                ;
; Ignore ROW GLOBAL Buffers                                                       ; Off                ; Off                ;
; Ignore LCELL Buffers                                                            ; Off                ; Off                ;
; Ignore SOFT Buffers                                                             ; On                 ; On                 ;
; Limit AHDL Integers to 32 Bits                                                  ; Off                ; Off                ;
; Optimization Technique                                                          ; Balanced           ; Balanced           ;
; Carry Chain Length                                                              ; 70                 ; 70                 ;
; Auto Carry Chains                                                               ; On                 ; On                 ;
; Auto Open-Drain Pins                                                            ; On                 ; On                 ;
; Perform WYSIWYG Primitive Resynthesis                                           ; Off                ; Off                ;
; Auto ROM Replacement                                                            ; On                 ; On                 ;
; Auto RAM Replacement                                                            ; On                 ; On                 ;
; Auto DSP Block Replacement                                                      ; On                 ; On                 ;
; Auto Shift Register Replacement                                                 ; Auto               ; Auto               ;
; Allow Shift Register Merging across Hierarchies                                 ; Auto               ; Auto               ;
; Auto Clock Enable Replacement                                                   ; On                 ; On                 ;
; Strict RAM Replacement                                                          ; Off                ; Off                ;
; Allow Synchronous Control Signals                                               ; On                 ; On                 ;
; Force Use of Synchronous Clear Signals                                          ; Off                ; Off                ;
; Auto Resource Sharing                                                           ; Off                ; Off                ;
; Allow Any RAM Size For Recognition                                              ; Off                ; Off                ;
; Allow Any ROM Size For Recognition                                              ; Off                ; Off                ;
; Allow Any Shift Register Size For Recognition                                   ; Off                ; Off                ;
; Use LogicLock Constraints during Resource Balancing                             ; On                 ; On                 ;
; Ignore translate_off and synthesis_off directives                               ; Off                ; Off                ;
; Timing-Driven Synthesis                                                         ; On                 ; On                 ;
; Report Parameter Settings                                                       ; On                 ; On                 ;
; Report Source Assignments                                                       ; On                 ; On                 ;
; Report Connectivity Checks                                                      ; On                 ; On                 ;
; Ignore Maximum Fan-Out Assignments                                              ; Off                ; Off                ;
; Synchronization Register Chain Length                                           ; 3                  ; 3                  ;
; Power Optimization During Synthesis                                             ; Normal compilation ; Normal compilation ;
; HDL message level                                                               ; Level2             ; Level2             ;
; Suppress Register Optimization Related Messages                                 ; Off                ; Off                ;
; Number of Removed Registers Reported in Synthesis Report                        ; 5000               ; 5000               ;
; Number of Swept Nodes Reported in Synthesis Report                              ; 5000               ; 5000               ;
; Number of Inverted Registers Reported in Synthesis Report                       ; 100                ; 100                ;
; Clock MUX Protection                                                            ; On                 ; On                 ;
; Auto Gated Clock Conversion                                                     ; Off                ; Off                ;
; Block Design Naming                                                             ; Auto               ; Auto               ;
; SDC constraint protection                                                       ; Off                ; Off                ;
; Synthesis Effort                                                                ; Auto               ; Auto               ;
; Shift Register Replacement - Allow Asynchronous Clear Signal                    ; On                 ; On                 ;
; Pre-Mapping Resynthesis Optimization                                            ; Off                ; Off                ;
; Analysis & Synthesis Message Level                                              ; Medium             ; Medium             ;
; Disable Register Merging Across Hierarchies                                     ; Auto               ; Auto               ;
; Resource Aware Inference For Block RAM                                          ; On                 ; On                 ;
; Automatic Parallel Synthesis                                                    ; On                 ; On                 ;
; Partial Reconfiguration Bitstream ID                                            ; Off                ; Off                ;
+---------------------------------------------------------------------------------+--------------------+--------------------+


+------------------------------------------+
; Parallel Compilation                     ;
+----------------------------+-------------+
; Processors                 ; Number      ;
+----------------------------+-------------+
; Number detected on machine ; 8           ;
; Maximum allowed            ; 4           ;
;                            ;             ;
; Average used               ; 1.00        ;
; Maximum used               ; 1           ;
;                            ;             ;
; Usage by Processor         ; % Time Used ;
;     Processor 1            ; 100.0%      ;
+----------------------------+-------------+


+-------------------------------------------------------------------------------------------------------------------------------------------------------+
; Analysis & Synthesis Source Files Read                                                                                                                ;
+----------------------------------+-----------------+------------------------------+---------------------------------------------------------+---------+
; File Name with User-Entered Path ; Used in Netlist ; File Type                    ; File Name with Absolute Path                            ; Library ;
+----------------------------------+-----------------+------------------------------+---------------------------------------------------------+---------+
; clk_dll.v                        ; yes             ; User Verilog HDL File        ; C:/Users/ckdtj/Quartus Project/cpu/clk_dll.v            ;         ;
; pc.v                             ; yes             ; User Verilog HDL File        ; C:/Users/ckdtj/Quartus Project/cpu/pc.v                 ;         ;
; instruction_memory.v             ; yes             ; User Verilog HDL File        ; C:/Users/ckdtj/Quartus Project/cpu/instruction_memory.v ;         ;
; cpu.v                            ; yes             ; User Verilog HDL File        ; C:/Users/ckdtj/Quartus Project/cpu/cpu.v                ;         ;
; control.v                        ; yes             ; Auto-Found Verilog HDL File  ; C:/Users/ckdtj/Quartus Project/cpu/control.v            ;         ;
; mux21.v                          ; yes             ; Auto-Found Verilog HDL File  ; C:/Users/ckdtj/Quartus Project/cpu/mux21.v              ;         ;
; register.v                       ; yes             ; Auto-Found Verilog HDL File  ; C:/Users/ckdtj/Quartus Project/cpu/register.v           ;         ;
+----------------------------------+-----------------+------------------------------+---------------------------------------------------------+---------+


+-----------------------------------------------------+
; Analysis & Synthesis Resource Usage Summary         ;
+---------------------------------------------+-------+
; Resource                                    ; Usage ;
+---------------------------------------------+-------+
; Estimate of Logic utilization (ALMs needed) ; 0     ;
;                                             ;       ;
; Combinational ALUT usage for logic          ; 0     ;
;     -- 7 input functions                    ; 0     ;
;     -- 6 input functions                    ; 0     ;
;     -- 5 input functions                    ; 0     ;
;     -- 4 input functions                    ; 0     ;
;     -- <=3 input functions                  ; 0     ;
;                                             ;       ;
; Dedicated logic registers                   ; 0     ;
;                                             ;       ;
; I/O pins                                    ; 9     ;
;                                             ;       ;
; Total DSP Blocks                            ; 0     ;
;                                             ;       ;
; Maximum fan-out node                        ; rst   ;
; Maximum fan-out                             ; 1     ;
; Total fan-out                               ; 9     ;
; Average fan-out                             ; 0.50  ;
+---------------------------------------------+-------+


+----------------------------------------------------------------------------------------------------------------------------------------------------------------------------------------+
; Analysis & Synthesis Resource Utilization by Entity                                                                                                                                    ;
+----------------------------+---------------------+---------------------------+-------------------+------------+------+--------------+---------------------+-------------+--------------+
; Compilation Hierarchy Node ; Combinational ALUTs ; Dedicated Logic Registers ; Block Memory Bits ; DSP Blocks ; Pins ; Virtual Pins ; Full Hierarchy Name ; Entity Name ; Library Name ;
+----------------------------+---------------------+---------------------------+-------------------+------------+------+--------------+---------------------+-------------+--------------+
; |cpu                       ; 0 (0)               ; 0 (0)                     ; 0                 ; 0          ; 9    ; 0            ; |cpu                ; cpu         ; work         ;
+----------------------------+---------------------+---------------------------+-------------------+------------+------+--------------+---------------------+-------------+--------------+
Note: For table entries with two numbers listed, the numbers in parentheses indicate the number of resources of the given type used by the specific entity alone. The numbers listed outside of parentheses indicate the total resources of the given type used by the specific entity and all of its sub-entities in the hierarchy.


+------------------------------------------------------+
; General Register Statistics                          ;
+----------------------------------------------+-------+
; Statistic                                    ; Value ;
+----------------------------------------------+-------+
; Total registers                              ; 0     ;
; Number of registers using Synchronous Clear  ; 0     ;
; Number of registers using Synchronous Load   ; 0     ;
; Number of registers using Asynchronous Clear ; 0     ;
; Number of registers using Asynchronous Load  ; 0     ;
; Number of registers using Clock Enable       ; 0     ;
; Number of registers using Preset             ; 0     ;
+----------------------------------------------+-------+


+-----------------------------------------------------------------------------------------------------------------+
; Port Connectivity Checks: "register:r1"                                                                         ;
+-------+--------+----------+-------------------------------------------------------------------------------------+
; Port  ; Type   ; Severity ; Details                                                                             ;
+-------+--------+----------+-------------------------------------------------------------------------------------+
; data1 ; Output ; Info     ; Connected to dangling logic. Logic that only feeds a dangling port will be removed. ;
; data2 ; Output ; Info     ; Connected to dangling logic. Logic that only feeds a dangling port will be removed. ;
+-------+--------+----------+-------------------------------------------------------------------------------------+


+-------------------------------------------------------------------------------------------------------------------------------------------------------------------------+
; Port Connectivity Checks: "mux21:m1"                                                                                                                                    ;
+------+--------+----------+----------------------------------------------------------------------------------------------------------------------------------------------+
; Port ; Type   ; Severity ; Details                                                                                                                                      ;
+------+--------+----------+----------------------------------------------------------------------------------------------------------------------------------------------+
; D0   ; Input  ; Warning  ; Input port expression (5 bits) is smaller than the input port (32 bits) it drives.  Extra input bit(s) "D0[31..5]" will be connected to GND. ;
; D1   ; Input  ; Warning  ; Input port expression (5 bits) is smaller than the input port (32 bits) it drives.  Extra input bit(s) "D1[31..5]" will be connected to GND. ;
; Y    ; Output ; Warning  ; Output or bidir port (32 bits) is wider than the port expression (5 bits) it drives; bit(s) "Y[31..5]" have no fanouts                       ;
+------+--------+----------+----------------------------------------------------------------------------------------------------------------------------------------------+


+-----------------------------------------------------------------------------------------------------------------------------------------------------------------------------+
; Port Connectivity Checks: "control:Control"                                                                                                                                 ;
+----------+--------+----------+----------------------------------------------------------------------------------------------------------------------------------------------+
; Port     ; Type   ; Severity ; Details                                                                                                                                      ;
+----------+--------+----------+----------------------------------------------------------------------------------------------------------------------------------------------+
; inst     ; Input  ; Warning  ; Input port expression (6 bits) is smaller than the input port (7 bits) it drives.  Extra input bit(s) "inst[6..6]" will be connected to GND. ;
; Jump     ; Output ; Info     ; Connected to dangling logic. Logic that only feeds a dangling port will be removed.                                                          ;
; Branch   ; Output ; Info     ; Connected to dangling logic. Logic that only feeds a dangling port will be removed.                                                          ;
; MemRead  ; Output ; Info     ; Connected to dangling logic. Logic that only feeds a dangling port will be removed.                                                          ;
; MemToReg ; Output ; Info     ; Connected to dangling logic. Logic that only feeds a dangling port will be removed.                                                          ;
; ALUOp    ; Output ; Info     ; Connected to dangling logic. Logic that only feeds a dangling port will be removed.                                                          ;
; ALUSrc   ; Output ; Warning  ; Declared by entity but not connected by instance. Logic that only feeds a dangling port will be removed.                                     ;
; RegWrite ; Output ; Warning  ; Declared by entity but not connected by instance. Logic that only feeds a dangling port will be removed.                                     ;
+----------+--------+----------+----------------------------------------------------------------------------------------------------------------------------------------------+


+-----------------------------------------------------------------------------------------------------------------------+
; Port Connectivity Checks: "instruction_memory:InstructionMemory"                                                      ;
+-------------+--------+----------+-------------------------------------------------------------------------------------+
; Port        ; Type   ; Severity ; Details                                                                             ;
+-------------+--------+----------+-------------------------------------------------------------------------------------+
; inst[10..0] ; Output ; Info     ; Connected to dangling logic. Logic that only feeds a dangling port will be removed. ;
+-------------+--------+----------+-------------------------------------------------------------------------------------+


+-----------------------------------------------------+
; Post-Synthesis Netlist Statistics for Top Partition ;
+-----------------------+-----------------------------+
; Type                  ; Count                       ;
+-----------------------+-----------------------------+
; arriav_lcell_comb     ; 1                           ;
;     normal            ; 1                           ;
;         0 data inputs ; 1                           ;
; boundary_port         ; 9                           ;
;                       ;                             ;
; Max LUT depth         ; 0.00                        ;
; Average LUT depth     ; 0.00                        ;
+-----------------------+-----------------------------+


+-------------------------------+
; Elapsed Time Per Partition    ;
+----------------+--------------+
; Partition Name ; Elapsed Time ;
+----------------+--------------+
; Top            ; 00:00:00     ;
+----------------+--------------+


+-------------------------------+
; Analysis & Synthesis Messages ;
+-------------------------------+
Info: *******************************************************************
Info: Running Quartus Prime Analysis & Synthesis
    Info: Version 18.1.0 Build 625 09/12/2018 SJ Lite Edition
    Info: Processing started: Sat Dec 19 00:43:36 2020
Info: Command: quartus_map --read_settings_files=on --write_settings_files=off cpu -c cpu
Warning (18236): Number of processors has not been specified which may cause overloading on shared machines.  Set the global assignment NUM_PARALLEL_PROCESSORS in your QSF to an appropriate value for best performance.
Info (20030): Parallel compilation is enabled and will use 4 of the 4 processors detected
Info (12021): Found 1 design units, including 1 entities, in source file clk_dll.v
    Info (12023): Found entity 1: clk_dll File: C:/Users/ckdtj/Quartus Project/cpu/clk_dll.v Line: 1
Info (12021): Found 1 design units, including 1 entities, in source file sign_ex.v
    Info (12023): Found entity 1: sign_ex File: C:/Users/ckdtj/Quartus Project/cpu/sign_ex.v Line: 1
Info (12021): Found 1 design units, including 1 entities, in source file pc.v
    Info (12023): Found entity 1: pc File: C:/Users/ckdtj/Quartus Project/cpu/pc.v Line: 1
Info (12021): Found 1 design units, including 1 entities, in source file instruction_memory.v
    Info (12023): Found entity 1: instruction_memory File: C:/Users/ckdtj/Quartus Project/cpu/instruction_memory.v Line: 1
Info (12021): Found 1 design units, including 1 entities, in source file cpu.v
    Info (12023): Found entity 1: cpu File: C:/Users/ckdtj/Quartus Project/cpu/cpu.v Line: 1
Info (12021): Found 1 design units, including 1 entities, in source file alu_mips.v
    Info (12023): Found entity 1: alu_mips File: C:/Users/ckdtj/Quartus Project/cpu/alu_mips.v Line: 1
Info (12021): Found 1 design units, including 1 entities, in source file aludec.v
    Info (12023): Found entity 1: aludec File: C:/Users/ckdtj/Quartus Project/cpu/aludec.v Line: 1
Info (12127): Elaborating entity "cpu" for the top level hierarchy
Warning (10036): Verilog HDL or VHDL warning at cpu.v(11): object "pc4" assigned a value but never read File: C:/Users/ckdtj/Quartus Project/cpu/cpu.v Line: 11
Warning (10036): Verilog HDL or VHDL warning at cpu.v(32): object "shamt" assigned a value but never read File: C:/Users/ckdtj/Quartus Project/cpu/cpu.v Line: 32
Warning (10036): Verilog HDL or VHDL warning at cpu.v(33): object "funct" assigned a value but never read File: C:/Users/ckdtj/Quartus Project/cpu/cpu.v Line: 33
Warning (10034): Output port "seg" at cpu.v(4) has no driver File: C:/Users/ckdtj/Quartus Project/cpu/cpu.v Line: 4
Info (12128): Elaborating entity "clk_dll" for hierarchy "clk_dll:ClockDivider" File: C:/Users/ckdtj/Quartus Project/cpu/cpu.v Line: 19
Warning (10230): Verilog HDL assignment warning at clk_dll.v(19): truncated value with size 32 to match size of target (25) File: C:/Users/ckdtj/Quartus Project/cpu/clk_dll.v Line: 19
Info (12128): Elaborating entity "pc" for hierarchy "pc:PC" File: C:/Users/ckdtj/Quartus Project/cpu/cpu.v Line: 22
Info (12128): Elaborating entity "instruction_memory" for hierarchy "instruction_memory:InstructionMemory" File: C:/Users/ckdtj/Quartus Project/cpu/cpu.v Line: 24
Warning (10030): Net "mem[49]" at instruction_memory.v(5) has no driver or initial value, using a default initial value '0' File: C:/Users/ckdtj/Quartus Project/cpu/instruction_memory.v Line: 5
Warning (12125): Using design file control.v, which is not specified as a design file for the current project, but contains definitions for 1 design units and 1 entities in project
    Info (12023): Found entity 1: control File: C:/Users/ckdtj/Quartus Project/cpu/control.v Line: 1
Info (12128): Elaborating entity "control" for hierarchy "control:Control" File: C:/Users/ckdtj/Quartus Project/cpu/cpu.v Line: 43
Warning (10034): Output port "RegDst" at control.v(3) has no driver File: C:/Users/ckdtj/Quartus Project/cpu/control.v Line: 3
Warning (10034): Output port "Jump" at control.v(3) has no driver File: C:/Users/ckdtj/Quartus Project/cpu/control.v Line: 3
Warning (10034): Output port "Branch" at control.v(3) has no driver File: C:/Users/ckdtj/Quartus Project/cpu/control.v Line: 3
Warning (10034): Output port "MemRead" at control.v(3) has no driver File: C:/Users/ckdtj/Quartus Project/cpu/control.v Line: 3
Warning (10034): Output port "MemToReg" at control.v(3) has no driver File: C:/Users/ckdtj/Quartus Project/cpu/control.v Line: 3
Warning (10034): Output port "ALUOp" at control.v(3) has no driver File: C:/Users/ckdtj/Quartus Project/cpu/control.v Line: 3
Warning (10034): Output port "MemWrite" at control.v(3) has no driver File: C:/Users/ckdtj/Quartus Project/cpu/control.v Line: 3
Warning (10034): Output port "ALUSrc" at control.v(3) has no driver File: C:/Users/ckdtj/Quartus Project/cpu/control.v Line: 3
Warning (10034): Output port "RegWrite" at control.v(4) has no driver File: C:/Users/ckdtj/Quartus Project/cpu/control.v Line: 4
Warning (12125): Using design file mux21.v, which is not specified as a design file for the current project, but contains definitions for 1 design units and 1 entities in project
    Info (12023): Found entity 1: mux21 File: C:/Users/ckdtj/Quartus Project/cpu/mux21.v Line: 1
Info (12128): Elaborating entity "mux21" for hierarchy "mux21:m1" File: C:/Users/ckdtj/Quartus Project/cpu/cpu.v Line: 47
Warning (12125): Using design file register.v, which is not specified as a design file for the current project, but contains definitions for 1 design units and 1 entities in project
    Info (12023): Found entity 1: register File: C:/Users/ckdtj/Quartus Project/cpu/register.v Line: 1
Info (12128): Elaborating entity "register" for hierarchy "register:r1" File: C:/Users/ckdtj/Quartus Project/cpu/cpu.v Line: 49
Warning (10034): Output port "data1" at register.v(7) has no driver File: C:/Users/ckdtj/Quartus Project/cpu/register.v Line: 7
Warning (10034): Output port "data2" at register.v(8) has no driver File: C:/Users/ckdtj/Quartus Project/cpu/register.v Line: 8
Warning (12158): Entity "register" contains only dangling pins File: C:/Users/ckdtj/Quartus Project/cpu/cpu.v Line: 49
Warning (12241): 2 hierarchies have connectivity warnings - see the Connectivity Checks report folder
Warning (13024): Output pins are stuck at VCC or GND
    Warning (13410): Pin "seg[0]" is stuck at GND File: C:/Users/ckdtj/Quartus Project/cpu/cpu.v Line: 4
    Warning (13410): Pin "seg[1]" is stuck at GND File: C:/Users/ckdtj/Quartus Project/cpu/cpu.v Line: 4
    Warning (13410): Pin "seg[2]" is stuck at GND File: C:/Users/ckdtj/Quartus Project/cpu/cpu.v Line: 4
    Warning (13410): Pin "seg[3]" is stuck at GND File: C:/Users/ckdtj/Quartus Project/cpu/cpu.v Line: 4
    Warning (13410): Pin "seg[4]" is stuck at GND File: C:/Users/ckdtj/Quartus Project/cpu/cpu.v Line: 4
    Warning (13410): Pin "seg[5]" is stuck at GND File: C:/Users/ckdtj/Quartus Project/cpu/cpu.v Line: 4
    Warning (13410): Pin "seg[6]" is stuck at GND File: C:/Users/ckdtj/Quartus Project/cpu/cpu.v Line: 4
Info (144001): Generated suppressed messages file C:/Users/ckdtj/Quartus Project/cpu/output_files/cpu.map.smsg
Info (16010): Generating hard_block partition "hard_block:auto_generated_inst"
    Info (16011): Adding 0 node(s), including 0 DDIO, 0 PLL, 0 transceiver and 0 LCELL
Warning (21074): Design contains 2 input pin(s) that do not drive logic
    Warning (15610): No output dependent on input pin "rst" File: C:/Users/ckdtj/Quartus Project/cpu/cpu.v Line: 2
    Warning (15610): No output dependent on input pin "clk" File: C:/Users/ckdtj/Quartus Project/cpu/cpu.v Line: 2
Info (21057): Implemented 9 device resources after synthesis - the final resource count might be different
    Info (21058): Implemented 2 input pins
    Info (21059): Implemented 7 output pins
Info: Quartus Prime Analysis & Synthesis was successful. 0 errors, 34 warnings
    Info: Peak virtual memory: 4810 megabytes
    Info: Processing ended: Sat Dec 19 00:43:49 2020
    Info: Elapsed time: 00:00:13
    Info: Total CPU time (on all processors): 00:00:26


+------------------------------------------+
; Analysis & Synthesis Suppressed Messages ;
+------------------------------------------+
The suppressed messages can be found in C:/Users/ckdtj/Quartus Project/cpu/output_files/cpu.map.smsg.


